2024-09-23 16:25:30,645	[INFO]	(client.py:162)_bot_login	[botpy] 登录机器人账号中...
2024-09-23 16:25:31,151	[INFO]	(robot.py:65)update_access_token	[botpy] access_token expires_in 977
2024-09-23 16:25:32,047	[INFO]	(client.py:181)_bot_init	[botpy] 程序启动...
2024-09-23 16:25:32,047	[INFO]	(connection.py:60)multi_run	[botpy] 最大并发连接数: 1, 启动会话数: 1
2024-09-23 16:25:32,047	[INFO]	(client.py:242)bot_connect	[botpy] 会话启动中...
2024-09-23 16:25:32,048	[INFO]	(gateway.py:115)ws_connect	[botpy] 启动中...
2024-09-23 16:25:32,322	[INFO]	(gateway.py:142)ws_identify	[botpy] 鉴权中...
2024-09-23 16:25:32,488	[INFO]	(gateway.py:85)on_message	[botpy] 机器人「Aeolus的机器人-测试中」启动成功！
2024-09-23 16:25:32,488	[INFO]	(gateway.py:223)_send_heart	[botpy] 心跳维持启动...
2024-09-23 16:25:32,489	[INFO]	(bot.py:13)on_ready	QQ群教学机器人 「Aeolus的机器人-测试中」 已启动!
2024-09-23 16:25:54,148	[INFO]	(bot.py:17)on_group_at_message_create	收到来自群 F82C3D3F0013B930D66BAD8AADDEC34F 的消息:  /问答 a
2024-09-23 17:03:46,470	[INFO]	(client.py:162)_bot_login	[botpy] 登录机器人账号中...
2024-09-23 17:03:47,033	[INFO]	(robot.py:65)update_access_token	[botpy] access_token expires_in 7200
2024-09-23 17:03:47,881	[INFO]	(client.py:181)_bot_init	[botpy] 程序启动...
2024-09-23 17:03:47,881	[INFO]	(connection.py:60)multi_run	[botpy] 最大并发连接数: 1, 启动会话数: 1
2024-09-23 17:03:47,881	[INFO]	(client.py:242)bot_connect	[botpy] 会话启动中...
2024-09-23 17:03:47,881	[INFO]	(gateway.py:115)ws_connect	[botpy] 启动中...
2024-09-23 17:03:48,133	[INFO]	(gateway.py:142)ws_identify	[botpy] 鉴权中...
2024-09-23 17:03:48,279	[INFO]	(gateway.py:85)on_message	[botpy] 机器人「Aeolus的机器人-测试中」启动成功！
2024-09-23 17:03:48,279	[INFO]	(gateway.py:223)_send_heart	[botpy] 心跳维持启动...
2024-09-23 17:03:48,280	[INFO]	(bot.py:16)on_ready	QQ群教学机器人 「Aeolus的机器人-测试中」 已启动!
2024-09-23 17:04:50,543	[INFO]	(bot.py:20)on_group_at_message_create	收到来自群 F82C3D3F0013B930D66BAD8AADDEC34F 的消息:  识别数字

2024-09-23 17:05:30,705	[INFO]	(bot.py:20)on_group_at_message_create	收到来自群 F82C3D3F0013B930D66BAD8AADDEC34F 的消息:  /识别数字
2024-09-23 17:06:48,104	[INFO]	(client.py:162)_bot_login	[botpy] 登录机器人账号中...
2024-09-23 17:06:48,505	[INFO]	(robot.py:65)update_access_token	[botpy] access_token expires_in 7019
2024-09-23 17:06:49,346	[INFO]	(client.py:181)_bot_init	[botpy] 程序启动...
2024-09-23 17:06:49,347	[INFO]	(connection.py:60)multi_run	[botpy] 最大并发连接数: 1, 启动会话数: 1
2024-09-23 17:06:49,347	[INFO]	(client.py:242)bot_connect	[botpy] 会话启动中...
2024-09-23 17:06:49,347	[INFO]	(gateway.py:115)ws_connect	[botpy] 启动中...
2024-09-23 17:06:49,606	[INFO]	(gateway.py:142)ws_identify	[botpy] 鉴权中...
2024-09-23 17:06:49,775	[INFO]	(gateway.py:85)on_message	[botpy] 机器人「Aeolus的机器人-测试中」启动成功！
2024-09-23 17:06:49,775	[INFO]	(gateway.py:223)_send_heart	[botpy] 心跳维持启动...
2024-09-23 17:06:49,775	[INFO]	(bot.py:16)on_ready	QQ群教学机器人 「Aeolus的机器人-测试中」 已启动!
2024-09-23 17:07:32,978	[INFO]	(bot.py:20)on_group_at_message_create	收到来自群 F82C3D3F0013B930D66BAD8AADDEC34F 的消息:  /识别数字
2024-09-23 17:08:39,579	[INFO]	(client.py:162)_bot_login	[botpy] 登录机器人账号中...
2024-09-23 17:08:39,974	[INFO]	(robot.py:65)update_access_token	[botpy] access_token expires_in 6907
2024-09-23 17:08:40,974	[INFO]	(client.py:181)_bot_init	[botpy] 程序启动...
2024-09-23 17:08:40,975	[INFO]	(connection.py:60)multi_run	[botpy] 最大并发连接数: 1, 启动会话数: 1
2024-09-23 17:08:40,975	[INFO]	(client.py:242)bot_connect	[botpy] 会话启动中...
2024-09-23 17:08:40,975	[INFO]	(gateway.py:115)ws_connect	[botpy] 启动中...
2024-09-23 17:08:41,359	[INFO]	(gateway.py:142)ws_identify	[botpy] 鉴权中...
2024-09-23 17:08:41,502	[INFO]	(gateway.py:85)on_message	[botpy] 机器人「Aeolus的机器人-测试中」启动成功！
2024-09-23 17:08:41,502	[INFO]	(gateway.py:223)_send_heart	[botpy] 心跳维持启动...
2024-09-23 17:08:41,502	[INFO]	(bot.py:16)on_ready	QQ群教学机器人 「Aeolus的机器人-测试中」 已启动!
2024-09-23 17:09:13,205	[INFO]	(bot.py:20)on_group_at_message_create	收到来自群 F82C3D3F0013B930D66BAD8AADDEC34F 的消息:  /识别数字
2024-09-23 17:10:34,601	[INFO]	(client.py:162)_bot_login	[botpy] 登录机器人账号中...
2024-09-23 17:10:35,010	[INFO]	(robot.py:65)update_access_token	[botpy] access_token expires_in 6792
2024-09-23 17:10:35,877	[INFO]	(client.py:181)_bot_init	[botpy] 程序启动...
2024-09-23 17:10:35,877	[INFO]	(connection.py:60)multi_run	[botpy] 最大并发连接数: 1, 启动会话数: 1
2024-09-23 17:10:35,878	[INFO]	(client.py:242)bot_connect	[botpy] 会话启动中...
2024-09-23 17:10:35,878	[INFO]	(gateway.py:115)ws_connect	[botpy] 启动中...
2024-09-23 17:10:36,162	[INFO]	(gateway.py:142)ws_identify	[botpy] 鉴权中...
2024-09-23 17:10:36,312	[INFO]	(gateway.py:85)on_message	[botpy] 机器人「Aeolus的机器人-测试中」启动成功！
2024-09-23 17:10:36,312	[INFO]	(gateway.py:223)_send_heart	[botpy] 心跳维持启动...
2024-09-23 17:10:36,312	[INFO]	(bot.py:16)on_ready	QQ群教学机器人 「Aeolus的机器人-测试中」 已启动!
2024-09-23 17:11:01,489	[INFO]	(bot.py:20)on_group_at_message_create	收到来自群 F82C3D3F0013B930D66BAD8AADDEC34F 的消息:  /识别数字
2024-09-23 17:13:42,438	[INFO]	(client.py:162)_bot_login	[botpy] 登录机器人账号中...
2024-09-23 17:13:42,811	[INFO]	(robot.py:65)update_access_token	[botpy] access_token expires_in 6604
2024-09-23 17:13:43,652	[INFO]	(client.py:181)_bot_init	[botpy] 程序启动...
2024-09-23 17:13:43,652	[INFO]	(connection.py:60)multi_run	[botpy] 最大并发连接数: 1, 启动会话数: 1
2024-09-23 17:13:43,653	[INFO]	(client.py:242)bot_connect	[botpy] 会话启动中...
2024-09-23 17:13:43,653	[INFO]	(gateway.py:115)ws_connect	[botpy] 启动中...
2024-09-23 17:13:43,982	[INFO]	(gateway.py:142)ws_identify	[botpy] 鉴权中...
2024-09-23 17:13:44,112	[INFO]	(gateway.py:85)on_message	[botpy] 机器人「Aeolus的机器人-测试中」启动成功！
2024-09-23 17:13:44,112	[INFO]	(gateway.py:223)_send_heart	[botpy] 心跳维持启动...
2024-09-23 17:13:44,112	[INFO]	(bot.py:17)on_ready	QQ群教学机器人 「Aeolus的机器人-测试中」 已启动!
2024-09-23 17:14:22,397	[INFO]	(bot.py:21)on_group_at_message_create	收到来自群 F82C3D3F0013B930D66BAD8AADDEC34F 的消息:  /识别数字
2024-09-23 17:16:22,397	[INFO]	(client.py:162)_bot_login	[botpy] 登录机器人账号中...
2024-09-23 17:16:22,770	[INFO]	(robot.py:65)update_access_token	[botpy] access_token expires_in 6444
2024-09-23 17:16:23,583	[INFO]	(client.py:181)_bot_init	[botpy] 程序启动...
2024-09-23 17:16:23,583	[INFO]	(connection.py:60)multi_run	[botpy] 最大并发连接数: 1, 启动会话数: 1
2024-09-23 17:16:23,583	[INFO]	(client.py:242)bot_connect	[botpy] 会话启动中...
2024-09-23 17:16:23,583	[INFO]	(gateway.py:115)ws_connect	[botpy] 启动中...
2024-09-23 17:16:23,875	[INFO]	(gateway.py:142)ws_identify	[botpy] 鉴权中...
2024-09-23 17:16:24,010	[INFO]	(gateway.py:85)on_message	[botpy] 机器人「Aeolus的机器人-测试中」启动成功！
2024-09-23 17:16:24,010	[INFO]	(gateway.py:223)_send_heart	[botpy] 心跳维持启动...
2024-09-23 17:16:24,010	[INFO]	(bot.py:17)on_ready	QQ群教学机器人 「Aeolus的机器人-测试中」 已启动!
2024-09-23 17:16:46,092	[INFO]	(bot.py:21)on_group_at_message_create	收到来自群 F82C3D3F0013B930D66BAD8AADDEC34F 的消息:  /识别数字
2024-09-23 17:54:25,425	[INFO]	(client.py:162)_bot_login	[botpy] 登录机器人账号中...
2024-09-23 17:54:25,789	[INFO]	(robot.py:65)update_access_token	[botpy] access_token expires_in 4161
2024-09-23 17:54:26,603	[INFO]	(client.py:181)_bot_init	[botpy] 程序启动...
2024-09-23 17:54:26,603	[INFO]	(connection.py:60)multi_run	[botpy] 最大并发连接数: 1, 启动会话数: 1
2024-09-23 17:54:26,603	[INFO]	(client.py:242)bot_connect	[botpy] 会话启动中...
2024-09-23 17:54:26,603	[INFO]	(gateway.py:115)ws_connect	[botpy] 启动中...
2024-09-23 17:54:26,909	[INFO]	(gateway.py:142)ws_identify	[botpy] 鉴权中...
2024-09-23 17:54:27,057	[INFO]	(gateway.py:85)on_message	[botpy] 机器人「Aeolus的机器人-测试中」启动成功！
2024-09-23 17:54:27,057	[INFO]	(gateway.py:223)_send_heart	[botpy] 心跳维持启动...
2024-09-23 17:54:27,058	[INFO]	(bot.py:17)on_ready	QQ群教学机器人 「Aeolus的机器人-测试中」 已启动!
2024-09-23 17:54:56,264	[INFO]	(bot.py:21)on_group_at_message_create	收到来自群 F82C3D3F0013B930D66BAD8AADDEC34F 的消息:  /识别数字
2024-09-23 17:57:00,657	[INFO]	(client.py:162)_bot_login	[botpy] 登录机器人账号中...
2024-09-23 17:57:01,009	[INFO]	(robot.py:65)update_access_token	[botpy] access_token expires_in 4006
2024-09-23 17:57:01,866	[INFO]	(client.py:181)_bot_init	[botpy] 程序启动...
2024-09-23 17:57:01,866	[INFO]	(connection.py:60)multi_run	[botpy] 最大并发连接数: 1, 启动会话数: 1
2024-09-23 17:57:01,867	[INFO]	(client.py:242)bot_connect	[botpy] 会话启动中...
2024-09-23 17:57:01,867	[INFO]	(gateway.py:115)ws_connect	[botpy] 启动中...
2024-09-23 17:57:02,408	[INFO]	(gateway.py:142)ws_identify	[botpy] 鉴权中...
2024-09-23 17:57:02,581	[INFO]	(gateway.py:85)on_message	[botpy] 机器人「Aeolus的机器人-测试中」启动成功！
2024-09-23 17:57:02,581	[INFO]	(gateway.py:223)_send_heart	[botpy] 心跳维持启动...
2024-09-23 17:57:02,581	[INFO]	(bot.py:17)on_ready	QQ群教学机器人 「Aeolus的机器人-测试中」 已启动!
2024-09-23 17:57:27,795	[INFO]	(bot.py:21)on_group_at_message_create	收到来自群 F82C3D3F0013B930D66BAD8AADDEC34F 的消息:  /识别数字
2024-09-23 18:01:27,338	[INFO]	(client.py:162)_bot_login	[botpy] 登录机器人账号中...
2024-09-23 18:01:27,706	[INFO]	(robot.py:65)update_access_token	[botpy] access_token expires_in 3739
2024-09-23 18:01:28,476	[INFO]	(client.py:181)_bot_init	[botpy] 程序启动...
2024-09-23 18:01:28,476	[INFO]	(connection.py:60)multi_run	[botpy] 最大并发连接数: 1, 启动会话数: 1
2024-09-23 18:01:28,477	[INFO]	(client.py:242)bot_connect	[botpy] 会话启动中...
2024-09-23 18:01:28,477	[INFO]	(gateway.py:115)ws_connect	[botpy] 启动中...
2024-09-23 18:01:28,771	[INFO]	(gateway.py:142)ws_identify	[botpy] 鉴权中...
2024-09-23 18:01:28,891	[INFO]	(gateway.py:85)on_message	[botpy] 机器人「Aeolus的机器人-测试中」启动成功！
2024-09-23 18:01:28,891	[INFO]	(gateway.py:223)_send_heart	[botpy] 心跳维持启动...
2024-09-23 18:01:28,891	[INFO]	(bot.py:17)on_ready	QQ群教学机器人 「Aeolus的机器人-测试中」 已启动!
2024-09-23 18:02:05,036	[INFO]	(bot.py:21)on_group_at_message_create	收到来自群 F82C3D3F0013B930D66BAD8AADDEC34F 的消息:  /识别数字
2024-09-23 18:20:01,071	[INFO]	(client.py:162)_bot_login	[botpy] 登录机器人账号中...
2024-09-23 18:20:01,570	[INFO]	(robot.py:65)update_access_token	[botpy] access_token expires_in 2625
2024-09-23 18:20:02,680	[INFO]	(client.py:181)_bot_init	[botpy] 程序启动...
2024-09-23 18:20:02,680	[INFO]	(connection.py:60)multi_run	[botpy] 最大并发连接数: 1, 启动会话数: 1
2024-09-23 18:20:02,680	[INFO]	(client.py:242)bot_connect	[botpy] 会话启动中...
2024-09-23 18:20:02,680	[INFO]	(gateway.py:115)ws_connect	[botpy] 启动中...
2024-09-23 18:20:03,035	[INFO]	(gateway.py:142)ws_identify	[botpy] 鉴权中...
2024-09-23 18:20:03,177	[INFO]	(gateway.py:85)on_message	[botpy] 机器人「Aeolus的机器人-测试中」启动成功！
2024-09-23 18:20:03,177	[INFO]	(gateway.py:223)_send_heart	[botpy] 心跳维持启动...
2024-09-23 18:20:03,178	[INFO]	(bot.py:17)on_ready	QQ群教学机器人 「Aeolus的机器人-测试中」 已启动!
2024-09-23 18:20:41,887	[INFO]	(bot.py:21)on_group_at_message_create	收到来自群 F82C3D3F0013B930D66BAD8AADDEC34F 的消息:  /识别数字
2024-09-23 18:21:19,619	[INFO]	(bot.py:21)on_group_at_message_create	收到来自群 F82C3D3F0013B930D66BAD8AADDEC34F 的消息:  /识别数字
2024-09-23 18:21:41,246	[INFO]	(bot.py:21)on_group_at_message_create	收到来自群 F82C3D3F0013B930D66BAD8AADDEC34F 的消息:  /识别数字
